[2022-01-15T03:09:10.003Z][QUERY]: SELECT DISTINCT        p.person_id AS idPerson,        p2.pat_id AS idPatient,        p.per_complete AS namePerson FROM        person p LEFT JOIN patient p2 ON        p.person_id = p2.person_id LEFT JOIN patagreement p3 ON        p2.pat_id = p3.pat_id WHERE        p.per_complete like '%Geovanny Leonel De Leon Diaz%'        AND p2.pat_active = 'activo'
[2022-01-15T18:37:41.535Z][QUERY]: SELECT DISTINCT        p.person_id AS idPerson,        p2.pat_id AS idPatient,        p.per_complete AS namePerson FROM        person p LEFT JOIN patient p2 ON        p.person_id = p2.person_id LEFT JOIN patagreement p3 ON        p2.pat_id = p3.pat_id WHERE        p.per_complete like '%Geovanny Leonel De Leon Diaz%'        AND p2.pat_active = 'activo'
[2022-01-15T18:42:50.069Z][QUERY]: SELECT DISTINCT        p.person_id AS idPerson,        p2.pat_id AS idPatient,        p.per_complete AS namePerson FROM        person p LEFT JOIN patient p2 ON        p.person_id = p2.person_id LEFT JOIN patagreement p3 ON        p2.pat_id = p3.pat_id WHERE        p.per_complete like '%geovanny leonel de leon diaz%'        AND p2.pat_active = 'activo'
[2022-01-15T18:43:10.034Z][QUERY]: SELECT DISTINCT        p.person_id AS idPerson,        p2.pat_id AS idPatient,        p.per_complete AS namePerson FROM        person p LEFT JOIN patient p2 ON        p.person_id = p2.person_id LEFT JOIN patagreement p3 ON        p2.pat_id = p3.pat_id WHERE        p.per_complete like '%kenia leilany de leon duran%'        AND p2.pat_active = 'activo'
[2022-01-15T18:44:30.409Z][QUERY]: SELECT DISTINCT        p.person_id AS idPerson,        p2.pat_id AS idPatient,        p.per_complete AS namePerson FROM        person p LEFT JOIN patient p2 ON        p.person_id = p2.person_id LEFT JOIN patagreement p3 ON        p2.pat_id = p3.pat_id WHERE        p.per_complete like '%kenia leilany de leon duran%'        AND p2.pat_active = 'activo'
[2022-01-15T18:45:51.391Z][QUERY]: SELECT DISTINCT        p.person_id AS idPerson,        p2.pat_id AS idPatient,        p.per_complete AS namePerson FROM        person p LEFT JOIN patient p2 ON        p.person_id = p2.person_id LEFT JOIN patagreement p3 ON        p2.pat_id = p3.pat_id WHERE        p.per_complete like '%kenia leilany de leon duran%'        AND p2.pat_active = 'activo'
[2022-01-15T19:08:59.643Z][QUERY]: SELECT DISTINCT        p.person_id AS idPerson,        p2.pat_id AS idPatient,        p.per_complete AS namePerson FROM        person p LEFT JOIN patient p2 ON        p.person_id = p2.person_id LEFT JOIN patagreement p3 ON        p2.pat_id = p3.pat_id WHERE        p.per_complete like '%kenia leilany de leon duran%'        AND p2.pat_active = 'activo'
[2022-01-15T19:09:12.595Z][QUERY]: SELECT  DISTINCT p2.pat_id AS idPatient,      p.per_lastname AS aPaterno,      p.per_surename AS aMaterno,      p.per_name AS nombre,      p.per_complete AS nombreCompleto,      p.per_birthday AS fnacimiento,      p3.agr_id AS idPlan,      a.agr_name AS nombrePlan,      e.email AS email,      t.tel_number AS telefono FROM      person p LEFT JOIN patient p2 ON      p.person_id = p2.person_id LEFT JOIN patagreement p3 ON      p2.pat_id = p3.pat_id LEFT JOIN agreement a ON      p3.agr_id = a.agr_id LEFT JOIN email e ON p.person_id = e.person_id LEFT JOIN telephone t ON      p.person_id = t.person_id WHERE      p2.pat_id = NaN      AND a.agr_active = 'activo'      -- AND e.email_active = 'activo'      -- AND t.tel_active = 'activo'      AND p2.pat_active = 'activo' GROUP BY p2.pat_id,p.per_lastname,p.per_surename,p.per_name,p.per_birthday,p3.agr_id,a.agr_name,e.email,t.tel_number LIMIT 1
[2022-01-15T19:09:12.779Z][FAILED QUERY]: SELECT  DISTINCT p2.pat_id AS idPatient,      p.per_lastname AS aPaterno,      p.per_surename AS aMaterno,      p.per_name AS nombre,      p.per_complete AS nombreCompleto,      p.per_birthday AS fnacimiento,      p3.agr_id AS idPlan,      a.agr_name AS nombrePlan,      e.email AS email,      t.tel_number AS telefono FROM      person p LEFT JOIN patient p2 ON      p.person_id = p2.person_id LEFT JOIN patagreement p3 ON      p2.pat_id = p3.pat_id LEFT JOIN agreement a ON      p3.agr_id = a.agr_id LEFT JOIN email e ON p.person_id = e.person_id LEFT JOIN telephone t ON      p.person_id = t.person_id WHERE      p2.pat_id = NaN      AND a.agr_active = 'activo'      -- AND e.email_active = 'activo'      -- AND t.tel_active = 'activo'      AND p2.pat_active = 'activo' GROUP BY p2.pat_id,p.per_lastname,p.per_surename,p.per_name,p.per_birthday,p3.agr_id,a.agr_name,e.email,t.tel_number LIMIT 1
[2022-01-15T19:09:12.779Z][QUERY ERROR]: Error: ER_BAD_FIELD_ERROR: Unknown column 'NaN' in 'where clause'
[2022-01-15T19:09:50.184Z][QUERY]: SELECT  DISTINCT p2.pat_id AS idPatient,      p.per_lastname AS aPaterno,      p.per_surename AS aMaterno,      p.per_name AS nombre,      p.per_complete AS nombreCompleto,      p.per_birthday AS fnacimiento,      p3.agr_id AS idPlan,      a.agr_name AS nombrePlan,      e.email AS email,      t.tel_number AS telefono FROM      person p LEFT JOIN patient p2 ON      p.person_id = p2.person_id LEFT JOIN patagreement p3 ON      p2.pat_id = p3.pat_id LEFT JOIN agreement a ON      p3.agr_id = a.agr_id LEFT JOIN email e ON p.person_id = e.person_id LEFT JOIN telephone t ON      p.person_id = t.person_id WHERE      p2.pat_id = NaN      AND a.agr_active = 'activo'      -- AND e.email_active = 'activo'      -- AND t.tel_active = 'activo'      AND p2.pat_active = 'activo' GROUP BY p2.pat_id,p.per_lastname,p.per_surename,p.per_name,p.per_birthday,p3.agr_id,a.agr_name,e.email,t.tel_number LIMIT 1
[2022-01-15T19:09:50.371Z][FAILED QUERY]: SELECT  DISTINCT p2.pat_id AS idPatient,      p.per_lastname AS aPaterno,      p.per_surename AS aMaterno,      p.per_name AS nombre,      p.per_complete AS nombreCompleto,      p.per_birthday AS fnacimiento,      p3.agr_id AS idPlan,      a.agr_name AS nombrePlan,      e.email AS email,      t.tel_number AS telefono FROM      person p LEFT JOIN patient p2 ON      p.person_id = p2.person_id LEFT JOIN patagreement p3 ON      p2.pat_id = p3.pat_id LEFT JOIN agreement a ON      p3.agr_id = a.agr_id LEFT JOIN email e ON p.person_id = e.person_id LEFT JOIN telephone t ON      p.person_id = t.person_id WHERE      p2.pat_id = NaN      AND a.agr_active = 'activo'      -- AND e.email_active = 'activo'      -- AND t.tel_active = 'activo'      AND p2.pat_active = 'activo' GROUP BY p2.pat_id,p.per_lastname,p.per_surename,p.per_name,p.per_birthday,p3.agr_id,a.agr_name,e.email,t.tel_number LIMIT 1
[2022-01-15T19:09:50.371Z][QUERY ERROR]: Error: ER_BAD_FIELD_ERROR: Unknown column 'NaN' in 'where clause'
[2022-01-15T19:10:15.658Z][QUERY]: SELECT  DISTINCT p2.pat_id AS idPatient,      p.per_lastname AS aPaterno,      p.per_surename AS aMaterno,      p.per_name AS nombre,      p.per_complete AS nombreCompleto,      p.per_birthday AS fnacimiento,      p3.agr_id AS idPlan,      a.agr_name AS nombrePlan,      e.email AS email,      t.tel_number AS telefono FROM      person p LEFT JOIN patient p2 ON      p.person_id = p2.person_id LEFT JOIN patagreement p3 ON      p2.pat_id = p3.pat_id LEFT JOIN agreement a ON      p3.agr_id = a.agr_id LEFT JOIN email e ON p.person_id = e.person_id LEFT JOIN telephone t ON      p.person_id = t.person_id WHERE      p2.pat_id = 10002422250      AND a.agr_active = 'activo'      -- AND e.email_active = 'activo'      -- AND t.tel_active = 'activo'      AND p2.pat_active = 'activo' GROUP BY p2.pat_id,p.per_lastname,p.per_surename,p.per_name,p.per_birthday,p3.agr_id,a.agr_name,e.email,t.tel_number LIMIT 1
[2022-01-15T19:11:20.194Z][QUERY]: SELECT  DISTINCT p2.pat_id AS idPatient,      p.per_lastname AS aPaterno,      p.per_surename AS aMaterno,      p.per_name AS nombre,      p.per_complete AS nombreCompleto,      p.per_birthday AS fnacimiento,      p3.agr_id AS idPlan,      a.agr_name AS nombrePlan,      e.email AS email,      t.tel_number AS telefono FROM      person p LEFT JOIN patient p2 ON      p.person_id = p2.person_id LEFT JOIN patagreement p3 ON      p2.pat_id = p3.pat_id LEFT JOIN agreement a ON      p3.agr_id = a.agr_id LEFT JOIN email e ON p.person_id = e.person_id LEFT JOIN telephone t ON      p.person_id = t.person_id WHERE      p2.pat_id = 10002422250      AND a.agr_active = 'activo'      -- AND e.email_active = 'activo'      -- AND t.tel_active = 'activo'      AND p2.pat_active = 'activo' GROUP BY p2.pat_id,p.per_lastname,p.per_surename,p.per_name,p.per_birthday,p3.agr_id,a.agr_name,e.email,t.tel_number LIMIT 1
[2022-01-15T19:13:55.351Z][QUERY]: SELECT  DISTINCT p2.pat_id AS idPatient,      p.per_lastname AS aPaterno,      p.per_surename AS aMaterno,      p.per_name AS nombre,      p.per_complete AS nombreCompleto,      p.per_birthday AS fnacimiento,      p3.agr_id AS idPlan,      a.agr_name AS nombrePlan,      e.email AS email,      t.tel_number AS telefono FROM      person p LEFT JOIN patient p2 ON      p.person_id = p2.person_id LEFT JOIN patagreement p3 ON      p2.pat_id = p3.pat_id LEFT JOIN agreement a ON      p3.agr_id = a.agr_id LEFT JOIN email e ON p.person_id = e.person_id LEFT JOIN telephone t ON      p.person_id = t.person_id WHERE      p2.pat_id = 10002422250      AND a.agr_active = 'activo'      -- AND e.email_active = 'activo'      -- AND t.tel_active = 'activo'      AND p2.pat_active = 'activo' GROUP BY p2.pat_id,p.per_lastname,p.per_surename,p.per_name,p.per_birthday,p3.agr_id,a.agr_name,e.email,t.tel_number LIMIT 1
[2022-01-15T19:15:17.338Z][QUERY]: SELECT  DISTINCT p2.pat_id AS idPatient,      p.per_lastname AS aPaterno,      p.per_surename AS aMaterno,      p.per_name AS nombre,      p.per_complete AS nombreCompleto,      p.per_birthday AS fnacimiento,      p3.agr_id AS idPlan,      a.agr_name AS nombrePlan,      e.email AS email,      t.tel_number AS telefono FROM      person p LEFT JOIN patient p2 ON      p.person_id = p2.person_id LEFT JOIN patagreement p3 ON      p2.pat_id = p3.pat_id LEFT JOIN agreement a ON      p3.agr_id = a.agr_id LEFT JOIN email e ON p.person_id = e.person_id LEFT JOIN telephone t ON      p.person_id = t.person_id WHERE      p2.pat_id = 10002422250      AND a.agr_active = 'activo'      -- AND e.email_active = 'activo'      -- AND t.tel_active = 'activo'      AND p2.pat_active = 'activo' GROUP BY p2.pat_id,p.per_lastname,p.per_surename,p.per_name,p.per_birthday,p3.agr_id,a.agr_name,e.email,t.tel_number limit 1
[2022-01-15T19:15:19.789Z][QUERY]: SELECT  DISTINCT p2.pat_id AS idPatient,      p.per_lastname AS aPaterno,      p.per_surename AS aMaterno,      p.per_name AS nombre,      p.per_complete AS nombreCompleto,      p.per_birthday AS fnacimiento,      p3.agr_id AS idPlan,      a.agr_name AS nombrePlan,      e.email AS email,      t.tel_number AS telefono FROM      person p LEFT JOIN patient p2 ON      p.person_id = p2.person_id LEFT JOIN patagreement p3 ON      p2.pat_id = p3.pat_id LEFT JOIN agreement a ON      p3.agr_id = a.agr_id LEFT JOIN email e ON p.person_id = e.person_id LEFT JOIN telephone t ON      p.person_id = t.person_id WHERE      p2.pat_id = 10002422250      AND a.agr_active = 'activo'      -- AND e.email_active = 'activo'      -- AND t.tel_active = 'activo'      AND p2.pat_active = 'activo' GROUP BY p2.pat_id,p.per_lastname,p.per_surename,p.per_name,p.per_birthday,p3.agr_id,a.agr_name,e.email,t.tel_number limit 1
[2022-01-15T19:16:12.999Z][QUERY]: SELECT  DISTINCT p2.pat_id AS idPatient,      p.per_lastname AS aPaterno,      p.per_surename AS aMaterno,      p.per_name AS nombre,      p.per_complete AS nombreCompleto,      p.per_birthday AS fnacimiento,      p3.agr_id AS idPlan,      a.agr_name AS nombrePlan,      e.email AS email,      t.tel_number AS telefono FROM      person p LEFT JOIN patient p2 ON      p.person_id = p2.person_id LEFT JOIN patagreement p3 ON      p2.pat_id = p3.pat_id LEFT JOIN agreement a ON      p3.agr_id = a.agr_id LEFT JOIN email e ON p.person_id = e.person_id LEFT JOIN telephone t ON      p.person_id = t.person_id WHERE      p2.pat_id = 10002422250      AND a.agr_active = 'activo'      -- AND e.email_active = 'activo'      -- AND t.tel_active = 'activo'      AND p2.pat_active = 'activo' GROUP BY p2.pat_id,p.per_lastname,p.per_surename,p.per_name,p.per_birthday,p3.agr_id,a.agr_name,e.email,t.tel_number limit 1
[2022-01-15T19:19:07.083Z][QUERY]: SELECT  DISTINCT p2.pat_id AS idPatient,      p.per_lastname AS aPaterno,      p.per_surename AS aMaterno,      p.per_name AS nombre,      p.per_complete AS nombreCompleto,      p.per_birthday AS fnacimiento,      p3.agr_id AS idPlan,      a.agr_name AS nombrePlan,      e.email AS email,      t.tel_number AS telefono FROM      person p LEFT JOIN patient p2 ON      p.person_id = p2.person_id LEFT JOIN patagreement p3 ON      p2.pat_id = p3.pat_id LEFT JOIN agreement a ON      p3.agr_id = a.agr_id LEFT JOIN email e ON p.person_id = e.person_id LEFT JOIN telephone t ON      p.person_id = t.person_id WHERE      p2.pat_id = 10002422250      AND a.agr_active = 'activo'      -- AND e.email_active = 'activo'      -- AND t.tel_active = 'activo'      AND p2.pat_active = 'activo' GROUP BY p2.pat_id,p.per_lastname,p.per_surename,p.per_name,p.per_birthday,p3.agr_id,a.agr_name,e.email,t.tel_number limit 1
[2022-01-15T19:19:21.450Z][QUERY]: SELECT  DISTINCT p2.pat_id AS idPatient,      p.per_lastname AS aPaterno,      p.per_surename AS aMaterno,      p.per_name AS nombre,      p.per_complete AS nombreCompleto,      p.per_birthday AS fnacimiento,      p3.agr_id AS idPlan,      a.agr_name AS nombrePlan,      e.email AS email,      t.tel_number AS telefono FROM      person p LEFT JOIN patient p2 ON      p.person_id = p2.person_id LEFT JOIN patagreement p3 ON      p2.pat_id = p3.pat_id LEFT JOIN agreement a ON      p3.agr_id = a.agr_id LEFT JOIN email e ON p.person_id = e.person_id LEFT JOIN telephone t ON      p.person_id = t.person_id WHERE      p2.pat_id = 10002422250      AND a.agr_active = 'activo'      -- AND e.email_active = 'activo'      -- AND t.tel_active = 'activo'      AND p2.pat_active = 'activo' GROUP BY p2.pat_id,p.per_lastname,p.per_surename,p.per_name,p.per_birthday,p3.agr_id,a.agr_name,e.email,t.tel_number limit 1
[2022-01-15T19:20:57.986Z][QUERY]: SELECT  DISTINCT p2.pat_id AS idPatient, p.per_lastname AS aPaterno, p.per_surename AS aMaterno, p.per_name AS nombre, p.per_complete AS nombreCompleto, p.per_birthday AS fnacimiento, p3.agr_id AS idPlan, a.agr_name AS nombrePlan, e.email AS email, t.tel_number AS telefono FROM person p LEFT JOIN patient p2 ON p.person_id = p2.person_id LEFT JOIN patagreement p3 ON p2.pat_id = p3.pat_id LEFT JOIN agreement a ON p3.agr_id = a.agr_id LEFT JOIN email e ON p.person_id = e.person_id LEFT JOIN telephone t ON p.person_id = t.person_id WHERE p2.pat_id = 10002422250 AND a.agr_active = 'activo' AND p2.pat_active = 'activo' GROUP BY p2.pat_id,p.per_lastname,p.per_surename,p.per_name,p.per_birthday,p3.agr_id,a.agr_name,e.email,t.tel_number LIMIT 1
[2022-01-15T23:51:22.442Z][QUERY]: SELECT  DISTINCT p2.pat_id AS idPatient, p.per_lastname AS aPaterno, p.per_surename AS aMaterno, p.per_name AS nombre, p.per_complete AS nombreCompleto, p.per_birthday AS fnacimiento, p3.agr_id AS idPlan, a.agr_name AS nombrePlan, e.email AS email, t.tel_number AS telefono FROM person p LEFT JOIN patient p2 ON p.person_id = p2.person_id LEFT JOIN patagreement p3 ON p2.pat_id = p3.pat_id LEFT JOIN agreement a ON p3.agr_id = a.agr_id LEFT JOIN email e ON p.person_id = e.person_id LEFT JOIN telephone t ON p.person_id = t.person_id WHERE p2.pat_id = 10002422250 AND a.agr_active = 'activo' AND p2.pat_active = 'activo' GROUP BY p2.pat_id,p.per_lastname,p.per_surename,p.per_name,p.per_birthday,p3.agr_id,a.agr_name,e.email,t.tel_number LIMIT 1
[2022-01-15T23:51:22.808Z][QUERY]: SELECT DISTINCT f.*, c.cli_name, case when (pm.paymeth_abbr <> 'MS' and pm.paymeth_abbr <> 'RM' and pm.paymeth_abbr <> 'TR') then '--' else pm.paymeth_abbr end as paymeth FROM file f LEFT JOIN filepaymethod fp ON f.file_id = fp.file_id LEFT JOIN paymethod pm ON fp.paymeth_id = pm.paymeth_id LEFT JOIN clinic c ON f.cli_id = c.cli_id WHERE f.filetype_id = '1' AND f.pat_id = 10002422250 AND fp.paymeth_id NOT IN (7) ORDER BY f.file_date, f.file_number, f.cli_id
[2022-01-15T23:54:18.840Z][QUERY]: SELECT  DISTINCT p2.pat_id AS idPatient, p.per_lastname AS aPaterno, p.per_surename AS aMaterno, p.per_name AS nombre, p.per_complete AS nombreCompleto, p.per_birthday AS fnacimiento, p3.agr_id AS idPlan, a.agr_name AS nombrePlan, e.email AS email, t.tel_number AS telefono FROM person p LEFT JOIN patient p2 ON p.person_id = p2.person_id LEFT JOIN patagreement p3 ON p2.pat_id = p3.pat_id LEFT JOIN agreement a ON p3.agr_id = a.agr_id LEFT JOIN email e ON p.person_id = e.person_id LEFT JOIN telephone t ON p.person_id = t.person_id WHERE p2.pat_id = 10002422250 AND a.agr_active = 'activo' AND p2.pat_active = 'activo' GROUP BY p2.pat_id,p.per_lastname,p.per_surename,p.per_name,p.per_birthday,p3.agr_id,a.agr_name,e.email,t.tel_number LIMIT 1
[2022-01-15T23:54:19.203Z][QUERY]: SELECT  DISTINCT f.*, c.cli_name, case when (pm.paymeth_abbr <> 'MS' and pm.paymeth_abbr <> 'RM' and pm.paymeth_abbr <> 'TR') then '--' else pm.paymeth_abbr end as paymeth FROM file f LEFT JOIN filepaymethod fp ON f.file_id = fp.file_id LEFT JOIN paymethod pm ON fp.paymeth_id = pm.paymeth_id LEFT JOIN clinic c ON f.cli_id = c.cli_id WHERE f.filetype_id = '1' AND f.pat_id = 10002422250 AND fp.paymeth_id NOT IN (7) ORDER BY f.file_date, f.file_number, f.cli_id
[2022-01-15T23:59:23.638Z][QUERY]: SELECT  DISTINCT p2.pat_id AS idPatient, p.per_lastname AS aPaterno, p.per_surename AS aMaterno, p.per_name AS nombre, p.per_complete AS nombreCompleto, p.per_birthday AS fnacimiento, p3.agr_id AS idPlan, a.agr_name AS nombrePlan, e.email AS email, t.tel_number AS telefono FROM person p LEFT JOIN patient p2 ON p.person_id = p2.person_id LEFT JOIN patagreement p3 ON p2.pat_id = p3.pat_id LEFT JOIN agreement a ON p3.agr_id = a.agr_id LEFT JOIN email e ON p.person_id = e.person_id LEFT JOIN telephone t ON p.person_id = t.person_id WHERE p2.pat_id = 10002422250 AND a.agr_active = 'activo' AND p2.pat_active = 'activo' GROUP BY p2.pat_id,p.per_lastname,p.per_surename,p.per_name,p.per_birthday,p3.agr_id,a.agr_name,e.email,t.tel_number LIMIT 1
[2022-01-15T23:59:23.999Z][QUERY]: SELECT
    DISTINCT
     f.*,
     c.cli_name,
     case
             when (pm.paymeth_abbr <> 'MS'
                     and pm.paymeth_abbr <> 'RM'
                     and pm.paymeth_abbr <> 'TR')
                                     then '--'
             else pm.paymeth_abbr
     end as paymeth
FROM
     file f
LEFT JOIN filepaymethod fp ON
     f.file_id = fp.file_id
LEFT JOIN paymethod pm ON
     fp.paymeth_id = pm.paymeth_id
LEFT JOIN clinic c ON
     f.cli_id = c.cli_id
WHERE
     f.filetype_id = '1'
     AND f.pat_id = 10002422250
     AND fp.paymeth_id NOT IN (7)
ORDER BY
     f.file_date,
     f.file_number,
     f.cli_id
[2022-01-16T00:03:20.145Z][QUERY]: SELECT
    DISTINCT
            p2.pat_id AS idPatient,
            p.per_lastname AS aPaterno,
            p.per_surename AS aMaterno,
            p.per_name AS nombre,
            p.per_complete AS nombreCompleto,
            p.per_birthday AS fnacimiento,
            p3.agr_id AS idPlan,
            a.agr_name AS nombrePlan,
            e.email AS email,
            t.tel_number AS telefono
    FROM
            person p
    LEFT JOIN patient p2 ON
            p.person_id = p2.person_id
    LEFT JOIN patagreement p3 ON
            p2.pat_id = p3.pat_id
    LEFT JOIN agreement a ON
            p3.agr_id = a.agr_id
    LEFT JOIN email e ON
            p.person_id = e.person_id
    LEFT JOIN telephone t ON
            p.person_id = t.person_id
    WHERE
            p2.pat_id = 10002422250
            AND a.agr_active = 'activo'
            -- AND e.email_active = 'activo'
            -- AND t.tel_active = 'activo'
            AND p2.pat_active = 'activo'
    GROUP BY p2.pat_id,p.per_lastname,p.per_surename,p.per_name,p.per_birthday,p3.agr_id,a.agr_name,e.email,t.tel_number
    LIMIT 1
[2022-01-16T00:03:20.501Z][QUERY]: SELECT
    DISTINCT
     f.*,
     c.cli_name,
     case
             when (pm.paymeth_abbr <> 'MS'
                     and pm.paymeth_abbr <> 'RM'
                     and pm.paymeth_abbr <> 'TR')
                                     then '--'
             else pm.paymeth_abbr
     end as paymeth
FROM
     file f
LEFT JOIN filepaymethod fp ON
     f.file_id = fp.file_id
LEFT JOIN paymethod pm ON
     fp.paymeth_id = pm.paymeth_id
LEFT JOIN clinic c ON
     f.cli_id = c.cli_id
WHERE
     f.filetype_id = '1'
     AND f.pat_id = 10002422250
     AND fp.paymeth_id NOT IN (7)
ORDER BY
     f.file_date,
     f.file_number,
     f.cli_id
[2022-01-16T00:03:20.852Z][QUERY]: select
    f.file_date,
    c.cli_name,
    f2.emp_id,
    e.emp_abbr,
    t.trt_name,
    f.file_comment,
    t2.tht_num,
    f2.sessnum,
    f2.lastsess,
    f2.quantity,
    f3.file_rel_id,
    (
    select
            file_number
    from
            file
    where
            file_id = f3.file_id) as recibo
FROM
    file f
LEFT JOIN fileentry f2 ON
    f.file_id = f2.file_id
LEFT JOIN filereference f3 ON
    f.file_id = f3.file_rel_id and f3.active = 'activo'
LEFT JOIN clinic c ON
    f.cli_id = c.cli_id
LEFT JOIN employee e ON
    f2.emp_id = e.emp_id
LEFT JOIN treatment t ON
    f2.trt_id = t.trt_id
LEFT JOIN tooth t2 ON
    f2.tht_id = t2.tht_id
WHERE
    f.status_id != 2
    and pat_id = 10002422250
    and filetype_id = 2
[2022-01-16T00:18:19.753Z][QUERY]: SELECT
    DISTINCT
            p2.pat_id AS idPatient,
            p.per_lastname AS aPaterno,
            p.per_surename AS aMaterno,
            p.per_name AS nombre,
            p.per_complete AS nombreCompleto,
            p.per_birthday AS fnacimiento,
            p3.agr_id AS idPlan,
            a.agr_name AS nombrePlan,
            e.email AS email,
            t.tel_number AS telefono
    FROM
            person p
    LEFT JOIN patient p2 ON
            p.person_id = p2.person_id
    LEFT JOIN patagreement p3 ON
            p2.pat_id = p3.pat_id
    LEFT JOIN agreement a ON
            p3.agr_id = a.agr_id
    LEFT JOIN email e ON
            p.person_id = e.person_id
    LEFT JOIN telephone t ON
            p.person_id = t.person_id
    WHERE
            p2.pat_id = 10002422250
            AND a.agr_active = 'activo'
            -- AND e.email_active = 'activo'
            -- AND t.tel_active = 'activo'
            AND p2.pat_active = 'activo'
    GROUP BY p2.pat_id,p.per_lastname,p.per_surename,p.per_name,p.per_birthday,p3.agr_id,a.agr_name,e.email,t.tel_number
    LIMIT 1
[2022-01-16T00:18:20.117Z][QUERY]: SELECT
    DISTINCT
     f.*,
     c.cli_name,
     case
             when (pm.paymeth_abbr <> 'MS'
                     and pm.paymeth_abbr <> 'RM'
                     and pm.paymeth_abbr <> 'TR')
                                     then '--'
             else pm.paymeth_abbr
     end as paymeth
FROM
     file f
LEFT JOIN filepaymethod fp ON
     f.file_id = fp.file_id
LEFT JOIN paymethod pm ON
     fp.paymeth_id = pm.paymeth_id
LEFT JOIN clinic c ON
     f.cli_id = c.cli_id
WHERE
     f.filetype_id = '1'
     AND f.pat_id = 10002422250
     AND fp.paymeth_id NOT IN (7)
ORDER BY
     f.file_date,
     f.file_number,
     f.cli_id
[2022-01-16T00:18:20.474Z][QUERY]: select
    f.file_date,
    c.cli_name,
    f2.emp_id,
    e.emp_abbr,
    t.trt_name,
    f.file_comment,
    t2.tht_num,
    f2.sessnum,
    f2.lastsess,
    f2.quantity,
    f3.file_rel_id,
    (
    select
            file_number
    from
            file
    where
            file_id = f3.file_id) as recibo
FROM
    file f
LEFT JOIN fileentry f2 ON
    f.file_id = f2.file_id
LEFT JOIN filereference f3 ON
    f.file_id = f3.file_rel_id and f3.active = 'activo'
LEFT JOIN clinic c ON
    f.cli_id = c.cli_id
LEFT JOIN employee e ON
    f2.emp_id = e.emp_id
LEFT JOIN treatment t ON
    f2.trt_id = t.trt_id
LEFT JOIN tooth t2 ON
    f2.tht_id = t2.tht_id
WHERE
    f.status_id != 2
    and pat_id = 10002422250
    and filetype_id = 2
[2022-01-16T00:20:38.009Z][QUERY]: SELECT
    DISTINCT
            p.person_id AS idPerson,
            p2.pat_id AS idPatient,
            p.per_complete AS namePerson
    FROM
            person p
    LEFT JOIN patient p2 ON
            p.person_id = p2.person_id
    LEFT JOIN patagreement p3 ON
            p2.pat_id = p3.pat_id
    WHERE
            p.per_complete like '%kenia leilany de leon duran%'
            AND p2.pat_active = 'activo'
[2022-01-16T00:25:32.909Z][QUERY]: SELECT
    DISTINCT
            p.person_id AS idPerson,
            p2.pat_id AS idPatient,
            p.per_complete AS namePerson
    FROM
            person p
    LEFT JOIN patient p2 ON
            p.person_id = p2.person_id
    LEFT JOIN patagreement p3 ON
            p2.pat_id = p3.pat_id
    WHERE
            p.per_complete like '%kenia leilany de leon duran%'
            AND p2.pat_active = 'activo'
[2022-01-16T00:26:32.068Z][QUERY]: SELECT
    DISTINCT
            p.person_id AS idPerson,
            p2.pat_id AS idPatient,
            p.per_complete AS namePerson
    FROM
            person p
    LEFT JOIN patient p2 ON
            p.person_id = p2.person_id
    LEFT JOIN patagreement p3 ON
            p2.pat_id = p3.pat_id
    WHERE
            p.per_complete like '%kenia leilany de leon duran%'
            AND p2.pat_active = 'activo'
[2022-01-16T06:41:04.470Z][QUERY]: SELECT
    DISTINCT
            p.person_id AS idPerson,
            p2.pat_id AS idPatient,
            p.per_complete AS namePerson
    FROM
            person p
    LEFT JOIN patient p2 ON
            p.person_id = p2.person_id
    LEFT JOIN patagreement p3 ON
            p2.pat_id = p3.pat_id
    WHERE
            p.per_complete like '%leonel de leon diaz%'
            AND p2.pat_active = 'activo'
[2022-01-16T06:41:17.927Z][QUERY]: SELECT
    DISTINCT
            p2.pat_id AS idPatient,
            p.per_lastname AS aPaterno,
            p.per_surename AS aMaterno,
            p.per_name AS nombre,
            p.per_complete AS nombreCompleto,
            p.per_birthday AS fnacimiento,
            p3.agr_id AS idPlan,
            a.agr_name AS nombrePlan,
            e.email AS email,
            t.tel_number AS telefono
    FROM
            person p
    LEFT JOIN patient p2 ON
            p.person_id = p2.person_id
    LEFT JOIN patagreement p3 ON
            p2.pat_id = p3.pat_id
    LEFT JOIN agreement a ON
            p3.agr_id = a.agr_id
    LEFT JOIN email e ON
            p.person_id = e.person_id
    LEFT JOIN telephone t ON
            p.person_id = t.person_id
    WHERE
            p2.pat_id = 10001528992
            AND a.agr_active = 'activo'
            -- AND e.email_active = 'activo'
            -- AND t.tel_active = 'activo'
            AND p2.pat_active = 'activo'
    GROUP BY p2.pat_id,p.per_lastname,p.per_surename,p.per_name,p.per_birthday,p3.agr_id,a.agr_name,e.email,t.tel_number
    LIMIT 1
[2022-01-16T06:41:18.284Z][QUERY]: SELECT
    DISTINCT
     f.*,
     c.cli_name,
     case
             when (pm.paymeth_abbr <> 'MS'
                     and pm.paymeth_abbr <> 'RM'
                     and pm.paymeth_abbr <> 'TR')
                                     then '--'
             else pm.paymeth_abbr
     end as paymeth
FROM
     file f
LEFT JOIN filepaymethod fp ON
     f.file_id = fp.file_id
LEFT JOIN paymethod pm ON
     fp.paymeth_id = pm.paymeth_id
LEFT JOIN clinic c ON
     f.cli_id = c.cli_id
WHERE
     f.filetype_id = '1'
     AND f.pat_id = 10001528992
     AND fp.paymeth_id NOT IN (7)
ORDER BY
     f.file_date,
     f.file_number,
     f.cli_id
[2022-01-16T06:41:19.336Z][QUERY]: select
    f.file_date,
    c.cli_name,
    f2.emp_id,
    e.emp_abbr,
    t.trt_name,
    f.file_comment,
    t2.tht_num,
    f2.sessnum,
    f2.lastsess,
    f2.quantity,
    f3.file_rel_id,
    (
    select
            file_number
    from
            file
    where
            file_id = f3.file_id) as recibo
FROM
    file f
LEFT JOIN fileentry f2 ON
    f.file_id = f2.file_id
LEFT JOIN filereference f3 ON
    f.file_id = f3.file_rel_id and f3.active = 'activo'
LEFT JOIN clinic c ON
    f.cli_id = c.cli_id
LEFT JOIN employee e ON
    f2.emp_id = e.emp_id
LEFT JOIN treatment t ON
    f2.trt_id = t.trt_id
LEFT JOIN tooth t2 ON
    f2.tht_id = t2.tht_id
WHERE
    f.status_id != 2
    and pat_id = 10001528992
    and filetype_id = 2
[2022-01-16T06:47:08.171Z][QUERY]: SELECT
    DISTINCT
            p.person_id AS idPerson,
            p2.pat_id AS idPatient,
            p.per_complete AS namePerson
    FROM
            person p
    LEFT JOIN patient p2 ON
            p.person_id = p2.person_id
    LEFT JOIN patagreement p3 ON
            p2.pat_id = p3.pat_id
    WHERE
            p.per_complete like '%geovanny leonel de leon diaz%'
            AND p2.pat_active = 'activo'
[2022-01-16T06:47:18.805Z][QUERY]: SELECT
    DISTINCT
            p2.pat_id AS idPatient,
            p.per_lastname AS aPaterno,
            p.per_surename AS aMaterno,
            p.per_name AS nombre,
            p.per_complete AS nombreCompleto,
            p.per_birthday AS fnacimiento,
            p3.agr_id AS idPlan,
            a.agr_name AS nombrePlan,
            e.email AS email,
            t.tel_number AS telefono
    FROM
            person p
    LEFT JOIN patient p2 ON
            p.person_id = p2.person_id
    LEFT JOIN patagreement p3 ON
            p2.pat_id = p3.pat_id
    LEFT JOIN agreement a ON
            p3.agr_id = a.agr_id
    LEFT JOIN email e ON
            p.person_id = e.person_id
    LEFT JOIN telephone t ON
            p.person_id = t.person_id
    WHERE
            p2.pat_id = 10001528992
            AND a.agr_active = 'activo'
            -- AND e.email_active = 'activo'
            -- AND t.tel_active = 'activo'
            AND p2.pat_active = 'activo'
    GROUP BY p2.pat_id,p.per_lastname,p.per_surename,p.per_name,p.per_birthday,p3.agr_id,a.agr_name,e.email,t.tel_number
    LIMIT 1
[2022-01-16T06:47:19.162Z][QUERY]: SELECT
    DISTINCT
     f.*,
     c.cli_name,
     case
             when (pm.paymeth_abbr <> 'MS'
                     and pm.paymeth_abbr <> 'RM'
                     and pm.paymeth_abbr <> 'TR')
                                     then '--'
             else pm.paymeth_abbr
     end as paymeth
FROM
     file f
LEFT JOIN filepaymethod fp ON
     f.file_id = fp.file_id
LEFT JOIN paymethod pm ON
     fp.paymeth_id = pm.paymeth_id
LEFT JOIN clinic c ON
     f.cli_id = c.cli_id
WHERE
     f.filetype_id = '1'
     AND f.pat_id = 10001528992
     AND fp.paymeth_id NOT IN (7)
ORDER BY
     f.file_date,
     f.file_number,
     f.cli_id
[2022-01-16T06:47:19.697Z][QUERY]: select
    f.file_date,
    c.cli_name,
    f2.emp_id,
    e.emp_abbr,
    t.trt_name,
    f.file_comment,
    t2.tht_num,
    f2.sessnum,
    f2.lastsess,
    f2.quantity,
    f3.file_rel_id,
    (
    select
            file_number
    from
            file
    where
            file_id = f3.file_id) as recibo
FROM
    file f
LEFT JOIN fileentry f2 ON
    f.file_id = f2.file_id
LEFT JOIN filereference f3 ON
    f.file_id = f3.file_rel_id and f3.active = 'activo'
LEFT JOIN clinic c ON
    f.cli_id = c.cli_id
LEFT JOIN employee e ON
    f2.emp_id = e.emp_id
LEFT JOIN treatment t ON
    f2.trt_id = t.trt_id
LEFT JOIN tooth t2 ON
    f2.tht_id = t2.tht_id
WHERE
    f.status_id != 2
    and pat_id = 10001528992
    and filetype_id = 2
[2022-01-16T06:48:25.943Z][QUERY]: SELECT
    DISTINCT
            p.person_id AS idPerson,
            p2.pat_id AS idPatient,
            p.per_complete AS namePerson
    FROM
            person p
    LEFT JOIN patient p2 ON
            p.person_id = p2.person_id
    LEFT JOIN patagreement p3 ON
            p2.pat_id = p3.pat_id
    WHERE
            p.per_complete like '%geovanny leonel de leon diaz%'
            AND p2.pat_active = 'activo'
[2022-01-16T06:48:36.299Z][QUERY]: SELECT
    DISTINCT
            p2.pat_id AS idPatient,
            p.per_lastname AS aPaterno,
            p.per_surename AS aMaterno,
            p.per_name AS nombre,
            p.per_complete AS nombreCompleto,
            p.per_birthday AS fnacimiento,
            p3.agr_id AS idPlan,
            a.agr_name AS nombrePlan,
            e.email AS email,
            t.tel_number AS telefono
    FROM
            person p
    LEFT JOIN patient p2 ON
            p.person_id = p2.person_id
    LEFT JOIN patagreement p3 ON
            p2.pat_id = p3.pat_id
    LEFT JOIN agreement a ON
            p3.agr_id = a.agr_id
    LEFT JOIN email e ON
            p.person_id = e.person_id
    LEFT JOIN telephone t ON
            p.person_id = t.person_id
    WHERE
            p2.pat_id = 10001528992
            AND a.agr_active = 'activo'
            -- AND e.email_active = 'activo'
            -- AND t.tel_active = 'activo'
            AND p2.pat_active = 'activo'
    GROUP BY p2.pat_id,p.per_lastname,p.per_surename,p.per_name,p.per_birthday,p3.agr_id,a.agr_name,e.email,t.tel_number
    LIMIT 1
[2022-01-16T06:48:36.652Z][QUERY]: SELECT
    DISTINCT
     f.*,
     c.cli_name,
     case
             when (pm.paymeth_abbr <> 'MS'
                     and pm.paymeth_abbr <> 'RM'
                     and pm.paymeth_abbr <> 'TR')
                                     then '--'
             else pm.paymeth_abbr
     end as paymeth
FROM
     file f
LEFT JOIN filepaymethod fp ON
     f.file_id = fp.file_id
LEFT JOIN paymethod pm ON
     fp.paymeth_id = pm.paymeth_id
LEFT JOIN clinic c ON
     f.cli_id = c.cli_id
WHERE
     f.filetype_id = '1'
     AND f.pat_id = 10001528992
     AND fp.paymeth_id NOT IN (7)
ORDER BY
     f.file_date,
     f.file_number,
     f.cli_id
[2022-01-16T06:48:37.181Z][QUERY]: select
    f.file_date,
    c.cli_name,
    f2.emp_id,
    e.emp_abbr,
    t.trt_name,
    f.file_comment,
    t2.tht_num,
    f2.sessnum,
    f2.lastsess,
    f2.quantity,
    f3.file_rel_id,
    (
    select
            file_number
    from
            file
    where
            file_id = f3.file_id) as recibo
FROM
    file f
LEFT JOIN fileentry f2 ON
    f.file_id = f2.file_id
LEFT JOIN filereference f3 ON
    f.file_id = f3.file_rel_id and f3.active = 'activo'
LEFT JOIN clinic c ON
    f.cli_id = c.cli_id
LEFT JOIN employee e ON
    f2.emp_id = e.emp_id
LEFT JOIN treatment t ON
    f2.trt_id = t.trt_id
LEFT JOIN tooth t2 ON
    f2.tht_id = t2.tht_id
WHERE
    f.status_id != 2
    and pat_id = 10001528992
    and filetype_id = 2
[2022-01-16T06:49:25.352Z][QUERY]: SELECT
    DISTINCT
            p.person_id AS idPerson,
            p2.pat_id AS idPatient,
            p.per_complete AS namePerson
    FROM
            person p
    LEFT JOIN patient p2 ON
            p.person_id = p2.person_id
    LEFT JOIN patagreement p3 ON
            p2.pat_id = p3.pat_id
    WHERE
            p.per_complete like '%geovanny leonel de leon diaz%'
            AND p2.pat_active = 'activo'
[2022-01-16T06:49:35.267Z][QUERY]: SELECT
    DISTINCT
            p2.pat_id AS idPatient,
            p.per_lastname AS aPaterno,
            p.per_surename AS aMaterno,
            p.per_name AS nombre,
            p.per_complete AS nombreCompleto,
            p.per_birthday AS fnacimiento,
            p3.agr_id AS idPlan,
            a.agr_name AS nombrePlan,
            e.email AS email,
            t.tel_number AS telefono
    FROM
            person p
    LEFT JOIN patient p2 ON
            p.person_id = p2.person_id
    LEFT JOIN patagreement p3 ON
            p2.pat_id = p3.pat_id
    LEFT JOIN agreement a ON
            p3.agr_id = a.agr_id
    LEFT JOIN email e ON
            p.person_id = e.person_id
    LEFT JOIN telephone t ON
            p.person_id = t.person_id
    WHERE
            p2.pat_id = 10001528992
            AND a.agr_active = 'activo'
            -- AND e.email_active = 'activo'
            -- AND t.tel_active = 'activo'
            AND p2.pat_active = 'activo'
    GROUP BY p2.pat_id,p.per_lastname,p.per_surename,p.per_name,p.per_birthday,p3.agr_id,a.agr_name,e.email,t.tel_number
    LIMIT 1
[2022-01-16T06:49:35.620Z][QUERY]: SELECT
    DISTINCT
     f.*,
     c.cli_name,
     case
             when (pm.paymeth_abbr <> 'MS'
                     and pm.paymeth_abbr <> 'RM'
                     and pm.paymeth_abbr <> 'TR')
                                     then '--'
             else pm.paymeth_abbr
     end as paymeth
FROM
     file f
LEFT JOIN filepaymethod fp ON
     f.file_id = fp.file_id
LEFT JOIN paymethod pm ON
     fp.paymeth_id = pm.paymeth_id
LEFT JOIN clinic c ON
     f.cli_id = c.cli_id
WHERE
     f.filetype_id = '1'
     AND f.pat_id = 10001528992
     AND fp.paymeth_id NOT IN (7)
ORDER BY
     f.file_date,
     f.file_number,
     f.cli_id
[2022-01-16T06:49:36.150Z][QUERY]: select
    f.file_date,
    c.cli_name,
    f2.emp_id,
    e.emp_abbr,
    t.trt_name,
    f.file_comment,
    t2.tht_num,
    f2.sessnum,
    f2.lastsess,
    f2.quantity,
    f3.file_rel_id,
    (
    select
            file_number
    from
            file
    where
            file_id = f3.file_id) as recibo
FROM
    file f
LEFT JOIN fileentry f2 ON
    f.file_id = f2.file_id
LEFT JOIN filereference f3 ON
    f.file_id = f3.file_rel_id and f3.active = 'activo'
LEFT JOIN clinic c ON
    f.cli_id = c.cli_id
LEFT JOIN employee e ON
    f2.emp_id = e.emp_id
LEFT JOIN treatment t ON
    f2.trt_id = t.trt_id
LEFT JOIN tooth t2 ON
    f2.tht_id = t2.tht_id
WHERE
    f.status_id != 2
    and pat_id = 10001528992
    and filetype_id = 2
[2022-01-16T06:50:13.081Z][QUERY]: SELECT
    DISTINCT
            p.person_id AS idPerson,
            p2.pat_id AS idPatient,
            p.per_complete AS namePerson
    FROM
            person p
    LEFT JOIN patient p2 ON
            p.person_id = p2.person_id
    LEFT JOIN patagreement p3 ON
            p2.pat_id = p3.pat_id
    WHERE
            p.per_complete like '%geovanny leonel de leon diaz%'
            AND p2.pat_active = 'activo'
[2022-01-16T06:50:22.400Z][QUERY]: SELECT
    DISTINCT
            p2.pat_id AS idPatient,
            p.per_lastname AS aPaterno,
            p.per_surename AS aMaterno,
            p.per_name AS nombre,
            p.per_complete AS nombreCompleto,
            p.per_birthday AS fnacimiento,
            p3.agr_id AS idPlan,
            a.agr_name AS nombrePlan,
            e.email AS email,
            t.tel_number AS telefono
    FROM
            person p
    LEFT JOIN patient p2 ON
            p.person_id = p2.person_id
    LEFT JOIN patagreement p3 ON
            p2.pat_id = p3.pat_id
    LEFT JOIN agreement a ON
            p3.agr_id = a.agr_id
    LEFT JOIN email e ON
            p.person_id = e.person_id
    LEFT JOIN telephone t ON
            p.person_id = t.person_id
    WHERE
            p2.pat_id = 10001528992
            AND a.agr_active = 'activo'
            -- AND e.email_active = 'activo'
            -- AND t.tel_active = 'activo'
            AND p2.pat_active = 'activo'
    GROUP BY p2.pat_id,p.per_lastname,p.per_surename,p.per_name,p.per_birthday,p3.agr_id,a.agr_name,e.email,t.tel_number
    LIMIT 1
[2022-01-16T06:50:22.751Z][QUERY]: SELECT
    DISTINCT
     f.*,
     c.cli_name,
     case
             when (pm.paymeth_abbr <> 'MS'
                     and pm.paymeth_abbr <> 'RM'
                     and pm.paymeth_abbr <> 'TR')
                                     then '--'
             else pm.paymeth_abbr
     end as paymeth
FROM
     file f
LEFT JOIN filepaymethod fp ON
     f.file_id = fp.file_id
LEFT JOIN paymethod pm ON
     fp.paymeth_id = pm.paymeth_id
LEFT JOIN clinic c ON
     f.cli_id = c.cli_id
WHERE
     f.filetype_id = '1'
     AND f.pat_id = 10001528992
     AND fp.paymeth_id NOT IN (7)
ORDER BY
     f.file_date,
     f.file_number,
     f.cli_id
[2022-01-16T06:50:23.282Z][QUERY]: select
    f.file_date,
    c.cli_name,
    f2.emp_id,
    e.emp_abbr,
    t.trt_name,
    f.file_comment,
    t2.tht_num,
    f2.sessnum,
    f2.lastsess,
    f2.quantity,
    f3.file_rel_id,
    (
    select
            file_number
    from
            file
    where
            file_id = f3.file_id) as recibo
FROM
    file f
LEFT JOIN fileentry f2 ON
    f.file_id = f2.file_id
LEFT JOIN filereference f3 ON
    f.file_id = f3.file_rel_id and f3.active = 'activo'
LEFT JOIN clinic c ON
    f.cli_id = c.cli_id
LEFT JOIN employee e ON
    f2.emp_id = e.emp_id
LEFT JOIN treatment t ON
    f2.trt_id = t.trt_id
LEFT JOIN tooth t2 ON
    f2.tht_id = t2.tht_id
WHERE
    f.status_id != 2
    and pat_id = 10001528992
    and filetype_id = 2
[2022-01-25T17:52:50.751Z][QUERY]: SELECT
    DISTINCT
            p.person_id AS idPerson,
            p2.pat_id AS idPatient,
            p.per_complete AS namePerson
    FROM
            person p
    LEFT JOIN patient p2 ON
            p.person_id = p2.person_id
    LEFT JOIN patagreement p3 ON
            p2.pat_id = p3.pat_id
    WHERE
            p.per_complete like '%geovanny leonel de leon diaz%'
            AND p2.pat_active = 'activo'
[2022-01-25T17:53:01.051Z][QUERY]: SELECT
    DISTINCT
            p2.pat_id AS idPatient,
            p.per_lastname AS aPaterno,
            p.per_surename AS aMaterno,
            p.per_name AS nombre,
            p.per_complete AS nombreCompleto,
            p.per_birthday AS fnacimiento,
            p3.agr_id AS idPlan,
            a.agr_name AS nombrePlan,
            e.email AS email,
            t.tel_number AS telefono
    FROM
            person p
    LEFT JOIN patient p2 ON
            p.person_id = p2.person_id
    LEFT JOIN patagreement p3 ON
            p2.pat_id = p3.pat_id
    LEFT JOIN agreement a ON
            p3.agr_id = a.agr_id
    LEFT JOIN email e ON
            p.person_id = e.person_id
    LEFT JOIN telephone t ON
            p.person_id = t.person_id
    WHERE
            p2.pat_id = 10001528992
            AND a.agr_active = 'activo'
            -- AND e.email_active = 'activo'
            -- AND t.tel_active = 'activo'
            AND p2.pat_active = 'activo'
    GROUP BY p2.pat_id,p.per_lastname,p.per_surename,p.per_name,p.per_birthday,p3.agr_id,a.agr_name,e.email,t.tel_number
    LIMIT 1
[2022-01-25T17:53:01.074Z][QUERY]: SELECT
    DISTINCT
     f.*,
     c.cli_name,
     case
             when (pm.paymeth_abbr <> 'MS'
                     and pm.paymeth_abbr <> 'RM'
                     and pm.paymeth_abbr <> 'TR')
                                     then '--'
             else pm.paymeth_abbr
     end as paymeth
FROM
     file f
LEFT JOIN filepaymethod fp ON
     f.file_id = fp.file_id
LEFT JOIN paymethod pm ON
     fp.paymeth_id = pm.paymeth_id
LEFT JOIN clinic c ON
     f.cli_id = c.cli_id
WHERE
     f.filetype_id = '1'
     AND f.pat_id = 10001528992
     AND fp.paymeth_id NOT IN (7)
ORDER BY
     f.file_date,
     f.file_number,
     f.cli_id
[2022-01-25T17:53:01.131Z][QUERY]: select
    f.file_date,
    c.cli_name,
    f2.emp_id,
    e.emp_abbr,
    t.trt_name,
    f.file_comment,
    t2.tht_num,
    f2.sessnum,
    f2.lastsess,
    f2.quantity,
    f3.file_rel_id,
    (
    select
            file_number
    from
            file
    where
            file_id = f3.file_id) as recibo
FROM
    file f
LEFT JOIN fileentry f2 ON
    f.file_id = f2.file_id
LEFT JOIN filereference f3 ON
    f.file_id = f3.file_rel_id and f3.active = 'activo'
LEFT JOIN clinic c ON
    f.cli_id = c.cli_id
LEFT JOIN employee e ON
    f2.emp_id = e.emp_id
LEFT JOIN treatment t ON
    f2.trt_id = t.trt_id
LEFT JOIN tooth t2 ON
    f2.tht_id = t2.tht_id
WHERE
    f.status_id != 2
    and pat_id = 10001528992
    and filetype_id = 2
[2022-01-25T19:10:55.056Z][QUERY]: SELECT
    DISTINCT
            p.person_id AS idPerson,
            p2.pat_id AS idPatient,
            p.per_complete AS namePerson
    FROM
            person p
    LEFT JOIN patient p2 ON
            p.person_id = p2.person_id
    LEFT JOIN patagreement p3 ON
            p2.pat_id = p3.pat_id
    WHERE
            p.per_complete like '%geovanny leonel de leon diaz%'
            AND p2.pat_active = 'activo'
